[ 2025-10-12 22:26:37,762 ] 1025 httpx - INFO - HTTP Request: GET https://dagshub.com/api/v1/user "HTTP/1.1 200 OK"
[ 2025-10-12 22:26:37,779 ] 107 dagshub - INFO - Accessing as shubam1405
[ 2025-10-12 22:26:39,039 ] 1025 httpx - INFO - HTTP Request: GET https://dagshub.com/api/v1/repos/shubam1405/networksecurity "HTTP/1.1 200 OK"
[ 2025-10-12 22:26:40,286 ] 1025 httpx - INFO - HTTP Request: GET https://dagshub.com/api/v1/user "HTTP/1.1 200 OK"
[ 2025-10-12 22:26:40,295 ] 107 dagshub - INFO - Initialized MLflow to track repo "shubam1405/networksecurity"
[ 2025-10-12 22:26:40,298 ] 107 dagshub - INFO - Repository shubam1405/networksecurity initialized!
[ 2025-10-12 22:26:40,302 ] 20 root - INFO - Initiate the data ingestion
[ 2025-10-12 22:26:46,869 ] 85 root - INFO - Performed train test split on the dataframe
[ 2025-10-12 22:26:46,870 ] 87 root - INFO - Exited split_data_as_train_test method of Data_Ingestion class
[ 2025-10-12 22:26:46,873 ] 95 root - INFO - Exporting train and test file path.
[ 2025-10-12 22:26:46,948 ] 104 root - INFO - Exported train and test file path.
[ 2025-10-12 22:26:46,949 ] 23 root - INFO - Data Initiation Completed
[ 2025-10-12 22:26:46,957 ] 27 root - INFO - Initiate the data Validation
[ 2025-10-12 22:26:47,089 ] 48 root - INFO - Required number of columns: 2
[ 2025-10-12 22:26:47,090 ] 49 root - INFO - Data frame has columns: 31
[ 2025-10-12 22:26:47,090 ] 105 root - ERROR - Train dataframe does not contain all required columns.
[ 2025-10-12 22:26:47,090 ] 48 root - INFO - Required number of columns: 2
[ 2025-10-12 22:26:47,090 ] 49 root - INFO - Data frame has columns: 31
[ 2025-10-12 22:26:47,090 ] 107 root - ERROR - Test dataframe does not contain all required columns.
[ 2025-10-12 22:26:47,253 ] 29 root - INFO - data Validation Completed
[ 2025-10-12 22:26:47,254 ] 32 root - INFO - data Transformation started
[ 2025-10-12 22:26:47,255 ] 72 root - INFO - Starting data transformation process.
[ 2025-10-12 22:26:47,388 ] 53 root - INFO - Creating KNNImputer pipeline for data transformation.
[ 2025-10-12 22:26:47,389 ] 57 root - INFO - KNNImputer initialized with params: {'missing_values': nan, 'n_neighbors': 3, 'weights': 'uniform'}
[ 2025-10-12 22:26:47,414 ] 48 root - INFO - Entered the save_object method of MainUtils class
[ 2025-10-12 22:26:47,416 ] 52 root - INFO - Exited the save_object method of MainUtils class
[ 2025-10-12 22:26:47,416 ] 48 root - INFO - Entered the save_object method of MainUtils class
[ 2025-10-12 22:26:47,422 ] 52 root - INFO - Exited the save_object method of MainUtils class
[ 2025-10-12 22:26:47,422 ] 112 root - INFO - Data transformation completed successfully.
[ 2025-10-12 22:26:47,424 ] 36 root - INFO - data Transformation completed
[ 2025-10-12 22:26:47,425 ] 38 root - INFO - Model Training sstared
