[ 2025-10-12 21:47:12,732 ] 42 root - INFO - Start data Ingestion
[ 2025-10-12 21:47:18,634 ] 85 root - INFO - Performed train test split on the dataframe
[ 2025-10-12 21:47:18,635 ] 87 root - INFO - Exited split_data_as_train_test method of Data_Ingestion class
[ 2025-10-12 21:47:18,635 ] 95 root - INFO - Exporting train and test file path.
[ 2025-10-12 21:47:18,721 ] 104 root - INFO - Exported train and test file path.
[ 2025-10-12 21:47:18,722 ] 45 root - INFO - Data Ingestion completed and artifact: DataIngestionArtifact(trained_file_path='Artifacts\\10_12_2025_21_45_55\\data_ingestion\\ingested\\train.csv', test_file_path='Artifacts\\10_12_2025_21_45_55\\data_ingestion\\ingested\\test.csv')
[ 2025-10-12 21:47:18,738 ] 55 root - INFO - Initiate the data Validation
[ 2025-10-12 21:47:18,846 ] 48 root - INFO - Required number of columns: 2
[ 2025-10-12 21:47:18,846 ] 49 root - INFO - Data frame has columns: 31
[ 2025-10-12 21:47:18,847 ] 105 root - ERROR - Train dataframe does not contain all required columns.
[ 2025-10-12 21:47:18,847 ] 48 root - INFO - Required number of columns: 2
[ 2025-10-12 21:47:18,847 ] 49 root - INFO - Data frame has columns: 31
[ 2025-10-12 21:47:18,847 ] 107 root - ERROR - Test dataframe does not contain all required columns.
[ 2025-10-12 21:47:19,129 ] 72 root - INFO - Starting data transformation process.
[ 2025-10-12 21:47:19,269 ] 53 root - INFO - Creating KNNImputer pipeline for data transformation.
[ 2025-10-12 21:47:19,269 ] 57 root - INFO - KNNImputer initialized with params: {'missing_values': nan, 'n_neighbors': 3, 'weights': 'uniform'}
[ 2025-10-12 21:47:19,303 ] 48 root - INFO - Entered the save_object method of MainUtils class
[ 2025-10-12 21:47:19,309 ] 52 root - INFO - Exited the save_object method of MainUtils class
[ 2025-10-12 21:47:19,309 ] 48 root - INFO - Entered the save_object method of MainUtils class
[ 2025-10-12 21:47:19,318 ] 52 root - INFO - Exited the save_object method of MainUtils class
[ 2025-10-12 21:47:19,318 ] 112 root - INFO - Data transformation completed successfully.
[ 2025-10-12 21:53:14,247 ] 48 root - INFO - Entered the save_object method of MainUtils class
[ 2025-10-12 21:53:14,249 ] 52 root - INFO - Exited the save_object method of MainUtils class
[ 2025-10-12 21:53:14,250 ] 48 root - INFO - Entered the save_object method of MainUtils class
[ 2025-10-12 21:53:14,336 ] 52 root - INFO - Exited the save_object method of MainUtils class
[ 2025-10-12 21:53:14,336 ] 151 root - INFO - Model trainer artifact: ModelTrainerArtifact(trained_model_file_path='Artifacts\\10_12_2025_21_45_55\\model_trainer\\trained_model\\model.pkl', train_metric_artifact=ClassificationMetricArtifact(f1_score=0.9906026557711951, precision_score=0.9901980804574229, recall_score=0.9910075618230124), test_metric_artifact=ClassificationMetricArtifact(f1_score=0.9795758051846033, precision_score=0.9726989079563183, recall_score=0.9865506329113924))
