[ 2025-10-12 22:38:09,292 ] 1025 httpx - INFO - HTTP Request: GET https://dagshub.com/api/v1/user "HTTP/1.1 200 OK"
[ 2025-10-12 22:38:09,298 ] 107 dagshub - INFO - Accessing as shubam1405
[ 2025-10-12 22:38:10,514 ] 1025 httpx - INFO - HTTP Request: GET https://dagshub.com/api/v1/repos/shubam1405/networksecurity "HTTP/1.1 200 OK"
[ 2025-10-12 22:38:11,827 ] 1025 httpx - INFO - HTTP Request: GET https://dagshub.com/api/v1/user "HTTP/1.1 200 OK"
[ 2025-10-12 22:38:11,830 ] 107 dagshub - INFO - Initialized MLflow to track repo "shubam1405/networksecurity"
[ 2025-10-12 22:38:11,831 ] 107 dagshub - INFO - Repository shubam1405/networksecurity initialized!
[ 2025-10-12 22:38:11,835 ] 20 root - INFO - Initiate the data ingestion
[ 2025-10-12 22:38:17,471 ] 85 root - INFO - Performed train test split on the dataframe
[ 2025-10-12 22:38:17,471 ] 87 root - INFO - Exited split_data_as_train_test method of Data_Ingestion class
[ 2025-10-12 22:38:17,472 ] 95 root - INFO - Exporting train and test file path.
[ 2025-10-12 22:38:17,522 ] 104 root - INFO - Exported train and test file path.
[ 2025-10-12 22:38:17,523 ] 23 root - INFO - Data Initiation Completed
[ 2025-10-12 22:38:17,530 ] 27 root - INFO - Initiate the data Validation
[ 2025-10-12 22:38:17,630 ] 48 root - INFO - Required number of columns: 2
[ 2025-10-12 22:38:17,630 ] 49 root - INFO - Data frame has columns: 31
[ 2025-10-12 22:38:17,630 ] 105 root - ERROR - Train dataframe does not contain all required columns.
[ 2025-10-12 22:38:17,630 ] 48 root - INFO - Required number of columns: 2
[ 2025-10-12 22:38:17,631 ] 49 root - INFO - Data frame has columns: 31
[ 2025-10-12 22:38:17,631 ] 107 root - ERROR - Test dataframe does not contain all required columns.
[ 2025-10-12 22:38:17,786 ] 29 root - INFO - data Validation Completed
[ 2025-10-12 22:38:17,787 ] 32 root - INFO - data Transformation started
[ 2025-10-12 22:38:17,787 ] 72 root - INFO - Starting data transformation process.
[ 2025-10-12 22:38:17,875 ] 53 root - INFO - Creating KNNImputer pipeline for data transformation.
[ 2025-10-12 22:38:17,876 ] 57 root - INFO - KNNImputer initialized with params: {'missing_values': nan, 'n_neighbors': 3, 'weights': 'uniform'}
[ 2025-10-12 22:38:17,892 ] 48 root - INFO - Entered the save_object method of MainUtils class
[ 2025-10-12 22:38:17,895 ] 52 root - INFO - Exited the save_object method of MainUtils class
[ 2025-10-12 22:38:17,895 ] 48 root - INFO - Entered the save_object method of MainUtils class
[ 2025-10-12 22:38:17,898 ] 52 root - INFO - Exited the save_object method of MainUtils class
[ 2025-10-12 22:38:17,898 ] 112 root - INFO - Data transformation completed successfully.
[ 2025-10-12 22:38:17,900 ] 36 root - INFO - data Transformation completed
[ 2025-10-12 22:38:17,900 ] 38 root - INFO - Model Training sstared
[ 2025-10-12 22:41:40,523 ] 103 root - INFO - Best Model: Random Forest | Score: 0.8873563045591669
