[ 2025-10-15 15:41:04,702 ] 1025 httpx - INFO - HTTP Request: GET https://dagshub.com/api/v1/user "HTTP/1.1 200 OK"
[ 2025-10-15 15:41:04,712 ] 107 dagshub - INFO - Accessing as shubam1405
[ 2025-10-15 15:41:05,747 ] 1025 httpx - INFO - HTTP Request: GET https://dagshub.com/api/v1/repos/shubam1405/networksecurity "HTTP/1.1 200 OK"
[ 2025-10-15 15:41:06,729 ] 1025 httpx - INFO - HTTP Request: GET https://dagshub.com/api/v1/user "HTTP/1.1 200 OK"
[ 2025-10-15 15:41:06,732 ] 107 dagshub - INFO - Initialized MLflow to track repo "shubam1405/networksecurity"
[ 2025-10-15 15:41:06,733 ] 107 dagshub - INFO - Repository shubam1405/networksecurity initialized!
[ 2025-10-15 15:41:06,736 ] 20 root - INFO - Initiate the data ingestion
[ 2025-10-15 15:41:20,489 ] 85 root - INFO - Performed train test split on the dataframe
[ 2025-10-15 15:41:20,489 ] 87 root - INFO - Exited split_data_as_train_test method of Data_Ingestion class
[ 2025-10-15 15:41:20,490 ] 95 root - INFO - Exporting train and test file path.
[ 2025-10-15 15:41:20,551 ] 104 root - INFO - Exported train and test file path.
[ 2025-10-15 15:41:20,552 ] 23 root - INFO - Data Initiation Completed
[ 2025-10-15 15:41:20,563 ] 27 root - INFO - Initiate the data Validation
[ 2025-10-15 15:41:20,669 ] 48 root - INFO - Required number of columns: 2
[ 2025-10-15 15:41:20,670 ] 49 root - INFO - Data frame has columns: 31
[ 2025-10-15 15:41:20,670 ] 105 root - ERROR - Train dataframe does not contain all required columns.
[ 2025-10-15 15:41:20,670 ] 48 root - INFO - Required number of columns: 2
[ 2025-10-15 15:41:20,670 ] 49 root - INFO - Data frame has columns: 31
[ 2025-10-15 15:41:20,670 ] 107 root - ERROR - Test dataframe does not contain all required columns.
[ 2025-10-15 15:41:20,826 ] 29 root - INFO - data Validation Completed
[ 2025-10-15 15:41:20,826 ] 32 root - INFO - data Transformation started
[ 2025-10-15 15:41:20,826 ] 72 root - INFO - Starting data transformation process.
[ 2025-10-15 15:41:20,927 ] 53 root - INFO - Creating KNNImputer pipeline for data transformation.
[ 2025-10-15 15:41:20,927 ] 57 root - INFO - KNNImputer initialized with params: {'missing_values': nan, 'n_neighbors': 3, 'weights': 'uniform'}
[ 2025-10-15 15:41:20,942 ] 48 root - INFO - Entered the save_object method of MainUtils class
[ 2025-10-15 15:41:20,945 ] 52 root - INFO - Exited the save_object method of MainUtils class
[ 2025-10-15 15:41:20,945 ] 48 root - INFO - Entered the save_object method of MainUtils class
[ 2025-10-15 15:41:20,948 ] 52 root - INFO - Exited the save_object method of MainUtils class
[ 2025-10-15 15:41:20,949 ] 112 root - INFO - Data transformation completed successfully.
[ 2025-10-15 15:41:20,949 ] 36 root - INFO - data Transformation completed
[ 2025-10-15 15:41:20,950 ] 38 root - INFO - Model Training sstared
[ 2025-10-15 15:44:44,993 ] 105 root - INFO - \U0001f3c6 Best Model: Random Forest | Score: 0.8508405321037956
[ 2025-10-15 15:44:45,075 ] 48 root - INFO - Entered the save_object method of MainUtils class
[ 2025-10-15 15:44:45,084 ] 52 root - INFO - Exited the save_object method of MainUtils class
[ 2025-10-15 15:44:45,085 ] 48 root - INFO - Entered the save_object method of MainUtils class
[ 2025-10-15 15:44:45,089 ] 52 root - INFO - Exited the save_object method of MainUtils class
[ 2025-10-15 15:44:51,580 ] 60 root - INFO - \u2705 MLflow logging complete for Random Forest
[ 2025-10-15 15:44:52,567 ] 138 root - INFO - Model trainer artifact: ModelTrainerArtifact(trained_model_file_path='Artifacts\\10_15_2025_15_41_00\\model_trainer\\trained_model\\model.pkl', train_metric_artifact=ClassificationMetricArtifact(f1_score=0.9913486005089058, precision_score=0.9898373983739838, recall_score=0.9928644240570846), test_metric_artifact=ClassificationMetricArtifact(f1_score=0.9677676084361321, precision_score=0.964314036478985, recall_score=0.9712460063897763))
[ 2025-10-15 15:44:52,569 ] 43 root - INFO - Model Training artifact created
