[ 2025-10-12 22:43:11,521 ] 1025 httpx - INFO - HTTP Request: GET https://dagshub.com/api/v1/user "HTTP/1.1 200 OK"
[ 2025-10-12 22:43:11,530 ] 107 dagshub - INFO - Accessing as shubam1405
[ 2025-10-12 22:43:12,982 ] 1025 httpx - INFO - HTTP Request: GET https://dagshub.com/api/v1/repos/shubam1405/networksecurity "HTTP/1.1 200 OK"
[ 2025-10-12 22:43:14,315 ] 1025 httpx - INFO - HTTP Request: GET https://dagshub.com/api/v1/user "HTTP/1.1 200 OK"
[ 2025-10-12 22:43:14,318 ] 107 dagshub - INFO - Initialized MLflow to track repo "shubam1405/networksecurity"
[ 2025-10-12 22:43:14,319 ] 107 dagshub - INFO - Repository shubam1405/networksecurity initialized!
[ 2025-10-12 22:43:16,593 ] 20 root - INFO - Initiate the data ingestion
[ 2025-10-12 22:43:25,620 ] 85 root - INFO - Performed train test split on the dataframe
[ 2025-10-12 22:43:25,621 ] 87 root - INFO - Exited split_data_as_train_test method of Data_Ingestion class
[ 2025-10-12 22:43:25,621 ] 95 root - INFO - Exporting train and test file path.
[ 2025-10-12 22:43:25,673 ] 104 root - INFO - Exported train and test file path.
[ 2025-10-12 22:43:25,674 ] 23 root - INFO - Data Initiation Completed
[ 2025-10-12 22:43:25,680 ] 27 root - INFO - Initiate the data Validation
[ 2025-10-12 22:43:25,783 ] 48 root - INFO - Required number of columns: 2
[ 2025-10-12 22:43:25,783 ] 49 root - INFO - Data frame has columns: 31
[ 2025-10-12 22:43:25,784 ] 105 root - ERROR - Train dataframe does not contain all required columns.
[ 2025-10-12 22:43:25,784 ] 48 root - INFO - Required number of columns: 2
[ 2025-10-12 22:43:25,784 ] 49 root - INFO - Data frame has columns: 31
[ 2025-10-12 22:43:25,784 ] 107 root - ERROR - Test dataframe does not contain all required columns.
[ 2025-10-12 22:43:25,934 ] 29 root - INFO - data Validation Completed
[ 2025-10-12 22:43:25,935 ] 32 root - INFO - data Transformation started
[ 2025-10-12 22:43:25,935 ] 72 root - INFO - Starting data transformation process.
[ 2025-10-12 22:43:26,026 ] 53 root - INFO - Creating KNNImputer pipeline for data transformation.
[ 2025-10-12 22:43:26,026 ] 57 root - INFO - KNNImputer initialized with params: {'missing_values': nan, 'n_neighbors': 3, 'weights': 'uniform'}
[ 2025-10-12 22:43:26,045 ] 48 root - INFO - Entered the save_object method of MainUtils class
[ 2025-10-12 22:43:26,047 ] 52 root - INFO - Exited the save_object method of MainUtils class
[ 2025-10-12 22:43:26,047 ] 48 root - INFO - Entered the save_object method of MainUtils class
[ 2025-10-12 22:43:26,050 ] 52 root - INFO - Exited the save_object method of MainUtils class
[ 2025-10-12 22:43:26,050 ] 112 root - INFO - Data transformation completed successfully.
[ 2025-10-12 22:43:26,051 ] 36 root - INFO - data Transformation completed
[ 2025-10-12 22:43:26,051 ] 38 root - INFO - Model Training sstared
[ 2025-10-12 22:46:50,493 ] 105 root - INFO - Best Model: Random Forest | Score: 0.8666959038246167
