[ 2025-10-15 15:33:11,793 ] 1025 httpx - INFO - HTTP Request: GET https://dagshub.com/api/v1/user "HTTP/1.1 200 OK"
[ 2025-10-15 15:33:11,803 ] 107 dagshub - INFO - Accessing as shubam1405
[ 2025-10-15 15:33:12,798 ] 1025 httpx - INFO - HTTP Request: GET https://dagshub.com/api/v1/repos/shubam1405/networksecurity "HTTP/1.1 200 OK"
[ 2025-10-15 15:33:13,766 ] 1025 httpx - INFO - HTTP Request: GET https://dagshub.com/api/v1/user "HTTP/1.1 200 OK"
[ 2025-10-15 15:33:13,770 ] 107 dagshub - INFO - Initialized MLflow to track repo "shubam1405/networksecurity"
[ 2025-10-15 15:33:13,772 ] 107 dagshub - INFO - Repository shubam1405/networksecurity initialized!
[ 2025-10-15 15:33:13,775 ] 20 root - INFO - Initiate the data ingestion
[ 2025-10-15 15:33:26,144 ] 85 root - INFO - Performed train test split on the dataframe
[ 2025-10-15 15:33:26,144 ] 87 root - INFO - Exited split_data_as_train_test method of Data_Ingestion class
[ 2025-10-15 15:33:26,146 ] 95 root - INFO - Exporting train and test file path.
[ 2025-10-15 15:33:26,221 ] 104 root - INFO - Exported train and test file path.
[ 2025-10-15 15:33:26,222 ] 23 root - INFO - Data Initiation Completed
[ 2025-10-15 15:33:26,275 ] 27 root - INFO - Initiate the data Validation
[ 2025-10-15 15:33:26,424 ] 48 root - INFO - Required number of columns: 2
[ 2025-10-15 15:33:26,424 ] 49 root - INFO - Data frame has columns: 31
[ 2025-10-15 15:33:26,424 ] 105 root - ERROR - Train dataframe does not contain all required columns.
[ 2025-10-15 15:33:26,425 ] 48 root - INFO - Required number of columns: 2
[ 2025-10-15 15:33:26,425 ] 49 root - INFO - Data frame has columns: 31
[ 2025-10-15 15:33:26,425 ] 107 root - ERROR - Test dataframe does not contain all required columns.
[ 2025-10-15 15:33:26,595 ] 29 root - INFO - data Validation Completed
[ 2025-10-15 15:33:26,595 ] 32 root - INFO - data Transformation started
[ 2025-10-15 15:33:26,595 ] 72 root - INFO - Starting data transformation process.
[ 2025-10-15 15:33:26,753 ] 53 root - INFO - Creating KNNImputer pipeline for data transformation.
[ 2025-10-15 15:33:26,753 ] 57 root - INFO - KNNImputer initialized with params: {'missing_values': nan, 'n_neighbors': 3, 'weights': 'uniform'}
[ 2025-10-15 15:33:26,775 ] 48 root - INFO - Entered the save_object method of MainUtils class
[ 2025-10-15 15:33:26,780 ] 52 root - INFO - Exited the save_object method of MainUtils class
[ 2025-10-15 15:33:26,780 ] 48 root - INFO - Entered the save_object method of MainUtils class
[ 2025-10-15 15:33:26,784 ] 52 root - INFO - Exited the save_object method of MainUtils class
[ 2025-10-15 15:33:26,784 ] 112 root - INFO - Data transformation completed successfully.
[ 2025-10-15 15:33:26,786 ] 36 root - INFO - data Transformation completed
[ 2025-10-15 15:33:26,786 ] 38 root - INFO - Model Training sstared
[ 2025-10-15 15:36:52,629 ] 104 root - INFO - Best Model: Random Forest | Score: 0.9082846618437646
