[ 2025-10-12 22:11:47,645 ] 1025 httpx - INFO - HTTP Request: GET https://dagshub.com/api/v1/user "HTTP/1.1 200 OK"
[ 2025-10-12 22:11:47,654 ] 107 dagshub - INFO - Accessing as shubam1405
[ 2025-10-12 22:11:49,037 ] 1025 httpx - INFO - HTTP Request: GET https://dagshub.com/api/v1/repos/shubam1405/networksecurity "HTTP/1.1 200 OK"
[ 2025-10-12 22:11:50,196 ] 1025 httpx - INFO - HTTP Request: GET https://dagshub.com/api/v1/user "HTTP/1.1 200 OK"
[ 2025-10-12 22:11:50,200 ] 107 dagshub - INFO - Initialized MLflow to track repo "shubam1405/networksecurity"
[ 2025-10-12 22:11:50,203 ] 107 dagshub - INFO - Repository shubam1405/networksecurity initialized!
[ 2025-10-12 22:11:50,208 ] 20 root - INFO - Initiate the data ingestion
[ 2025-10-12 22:11:59,596 ] 85 root - INFO - Performed train test split on the dataframe
[ 2025-10-12 22:11:59,596 ] 87 root - INFO - Exited split_data_as_train_test method of Data_Ingestion class
[ 2025-10-12 22:11:59,597 ] 95 root - INFO - Exporting train and test file path.
[ 2025-10-12 22:11:59,657 ] 104 root - INFO - Exported train and test file path.
[ 2025-10-12 22:11:59,659 ] 23 root - INFO - Data Initiation Completed
[ 2025-10-12 22:11:59,667 ] 27 root - INFO - Initiate the data Validation
[ 2025-10-12 22:11:59,817 ] 48 root - INFO - Required number of columns: 2
[ 2025-10-12 22:11:59,817 ] 49 root - INFO - Data frame has columns: 31
[ 2025-10-12 22:11:59,817 ] 105 root - ERROR - Train dataframe does not contain all required columns.
[ 2025-10-12 22:11:59,818 ] 48 root - INFO - Required number of columns: 2
[ 2025-10-12 22:11:59,818 ] 49 root - INFO - Data frame has columns: 31
[ 2025-10-12 22:11:59,818 ] 107 root - ERROR - Test dataframe does not contain all required columns.
[ 2025-10-12 22:11:59,981 ] 29 root - INFO - data Validation Completed
[ 2025-10-12 22:11:59,982 ] 32 root - INFO - data Transformation started
[ 2025-10-12 22:11:59,982 ] 72 root - INFO - Starting data transformation process.
[ 2025-10-12 22:12:00,138 ] 53 root - INFO - Creating KNNImputer pipeline for data transformation.
[ 2025-10-12 22:12:00,139 ] 57 root - INFO - KNNImputer initialized with params: {'missing_values': nan, 'n_neighbors': 3, 'weights': 'uniform'}
[ 2025-10-12 22:12:00,163 ] 48 root - INFO - Entered the save_object method of MainUtils class
[ 2025-10-12 22:12:00,167 ] 52 root - INFO - Exited the save_object method of MainUtils class
[ 2025-10-12 22:12:00,167 ] 48 root - INFO - Entered the save_object method of MainUtils class
[ 2025-10-12 22:12:00,175 ] 52 root - INFO - Exited the save_object method of MainUtils class
[ 2025-10-12 22:12:00,176 ] 112 root - INFO - Data transformation completed successfully.
[ 2025-10-12 22:12:00,178 ] 36 root - INFO - data Transformation completed
[ 2025-10-12 22:12:00,178 ] 38 root - INFO - Model Training sstared
